<?xml version="1.0" encoding="UTF-8"?>
<testsuite xmlns:xsi="http://www.w3.org/2001/XMLSchema-instance" xsi:noNamespaceSchemaLocation="https://maven.apache.org/surefire/maven-surefire-plugin/xsd/surefire-test-report.xsd" name="com.hadooptest5_2.AppTest" time="0.086" tests="1" errors="0" skipped="0" failures="0">
  <properties>
    <property name="sun.desktop" value="windows"/>
    <property name="awt.toolkit" value="sun.awt.windows.WToolkit"/>
    <property name="file.encoding.pkg" value="sun.io"/>
    <property name="java.specification.version" value="1.8"/>
    <property name="sun.cpu.isalist" value="amd64"/>
    <property name="sun.jnu.encoding" value="GBK"/>
    <property name="java.class.path" value="F:\javaEE\hadooptest\target\test-classes;F:\javaEE\hadooptest\target\classes;D:\IDEA\repo\junit\junit\4.11\junit-4.11.jar;D:\IDEA\repo\org\hamcrest\hamcrest-core\1.3\hamcrest-core-1.3.jar;D:\IDEA\repo\org\apache\hadoop\hadoop-common\2.7.7\hadoop-common-2.7.7.jar;D:\IDEA\repo\org\apache\hadoop\hadoop-annotations\2.7.7\hadoop-annotations-2.7.7.jar;D:\java_env\jdk\jre\..\lib\tools.jar;D:\IDEA\repo\com\google\guava\guava\11.0.2\guava-11.0.2.jar;D:\IDEA\repo\commons-cli\commons-cli\1.2\commons-cli-1.2.jar;D:\IDEA\repo\org\apache\commons\commons-math3\3.1.1\commons-math3-3.1.1.jar;D:\IDEA\repo\xmlenc\xmlenc\0.52\xmlenc-0.52.jar;D:\IDEA\repo\commons-httpclient\commons-httpclient\3.1\commons-httpclient-3.1.jar;D:\IDEA\repo\commons-codec\commons-codec\1.4\commons-codec-1.4.jar;D:\IDEA\repo\commons-io\commons-io\2.4\commons-io-2.4.jar;D:\IDEA\repo\commons-net\commons-net\3.1\commons-net-3.1.jar;D:\IDEA\repo\commons-collections\commons-collections\3.2.2\commons-collections-3.2.2.jar;D:\IDEA\repo\javax\servlet\servlet-api\2.5\servlet-api-2.5.jar;D:\IDEA\repo\org\mortbay\jetty\jetty\6.1.26\jetty-6.1.26.jar;D:\IDEA\repo\org\mortbay\jetty\jetty-util\6.1.26\jetty-util-6.1.26.jar;D:\IDEA\repo\org\mortbay\jetty\jetty-sslengine\6.1.26\jetty-sslengine-6.1.26.jar;D:\IDEA\repo\javax\servlet\jsp\jsp-api\2.1\jsp-api-2.1.jar;D:\IDEA\repo\com\sun\jersey\jersey-core\1.9\jersey-core-1.9.jar;D:\IDEA\repo\com\sun\jersey\jersey-json\1.9\jersey-json-1.9.jar;D:\IDEA\repo\org\codehaus\jettison\jettison\1.1\jettison-1.1.jar;D:\IDEA\repo\com\sun\xml\bind\jaxb-impl\2.2.3-1\jaxb-impl-2.2.3-1.jar;D:\IDEA\repo\javax\xml\bind\jaxb-api\2.2.2\jaxb-api-2.2.2.jar;D:\IDEA\repo\javax\xml\stream\stax-api\1.0-2\stax-api-1.0-2.jar;D:\IDEA\repo\javax\activation\activation\1.1\activation-1.1.jar;D:\IDEA\repo\org\codehaus\jackson\jackson-jaxrs\1.8.3\jackson-jaxrs-1.8.3.jar;D:\IDEA\repo\org\codehaus\jackson\jackson-xc\1.8.3\jackson-xc-1.8.3.jar;D:\IDEA\repo\com\sun\jersey\jersey-server\1.9\jersey-server-1.9.jar;D:\IDEA\repo\asm\asm\3.1\asm-3.1.jar;D:\IDEA\repo\commons-logging\commons-logging\1.1.3\commons-logging-1.1.3.jar;D:\IDEA\repo\log4j\log4j\1.2.17\log4j-1.2.17.jar;D:\IDEA\repo\net\java\dev\jets3t\jets3t\0.9.0\jets3t-0.9.0.jar;D:\IDEA\repo\org\apache\httpcomponents\httpclient\4.1.2\httpclient-4.1.2.jar;D:\IDEA\repo\org\apache\httpcomponents\httpcore\4.1.2\httpcore-4.1.2.jar;D:\IDEA\repo\com\jamesmurty\utils\java-xmlbuilder\0.4\java-xmlbuilder-0.4.jar;D:\IDEA\repo\commons-lang\commons-lang\2.6\commons-lang-2.6.jar;D:\IDEA\repo\commons-configuration\commons-configuration\1.6\commons-configuration-1.6.jar;D:\IDEA\repo\commons-digester\commons-digester\1.8\commons-digester-1.8.jar;D:\IDEA\repo\commons-beanutils\commons-beanutils\1.7.0\commons-beanutils-1.7.0.jar;D:\IDEA\repo\commons-beanutils\commons-beanutils-core\1.8.0\commons-beanutils-core-1.8.0.jar;D:\IDEA\repo\org\slf4j\slf4j-api\1.7.10\slf4j-api-1.7.10.jar;D:\IDEA\repo\org\slf4j\slf4j-log4j12\1.7.10\slf4j-log4j12-1.7.10.jar;D:\IDEA\repo\org\codehaus\jackson\jackson-core-asl\1.9.13\jackson-core-asl-1.9.13.jar;D:\IDEA\repo\org\codehaus\jackson\jackson-mapper-asl\1.9.13\jackson-mapper-asl-1.9.13.jar;D:\IDEA\repo\org\apache\avro\avro\1.7.4\avro-1.7.4.jar;D:\IDEA\repo\com\thoughtworks\paranamer\paranamer\2.3\paranamer-2.3.jar;D:\IDEA\repo\org\xerial\snappy\snappy-java\1.0.4.1\snappy-java-1.0.4.1.jar;D:\IDEA\repo\com\google\protobuf\protobuf-java\2.5.0\protobuf-java-2.5.0.jar;D:\IDEA\repo\com\google\code\gson\gson\2.2.4\gson-2.2.4.jar;D:\IDEA\repo\org\apache\hadoop\hadoop-auth\2.7.7\hadoop-auth-2.7.7.jar;D:\IDEA\repo\org\apache\directory\server\apacheds-kerberos-codec\2.0.0-M15\apacheds-kerberos-codec-2.0.0-M15.jar;D:\IDEA\repo\org\apache\directory\server\apacheds-i18n\2.0.0-M15\apacheds-i18n-2.0.0-M15.jar;D:\IDEA\repo\org\apache\directory\api\api-asn1-api\1.0.0-M20\api-asn1-api-1.0.0-M20.jar;D:\IDEA\repo\org\apache\directory\api\api-util\1.0.0-M20\api-util-1.0.0-M20.jar;D:\IDEA\repo\org\apache\curator\curator-framework\2.7.1\curator-framework-2.7.1.jar;D:\IDEA\repo\com\jcraft\jsch\0.1.54\jsch-0.1.54.jar;D:\IDEA\repo\org\apache\curator\curator-client\2.7.1\curator-client-2.7.1.jar;D:\IDEA\repo\org\apache\curator\curator-recipes\2.7.1\curator-recipes-2.7.1.jar;D:\IDEA\repo\com\google\code\findbugs\jsr305\3.0.0\jsr305-3.0.0.jar;D:\IDEA\repo\org\apache\htrace\htrace-core\3.1.0-incubating\htrace-core-3.1.0-incubating.jar;D:\IDEA\repo\org\apache\zookeeper\zookeeper\3.4.6\zookeeper-3.4.6.jar;D:\IDEA\repo\org\apache\commons\commons-compress\1.4.1\commons-compress-1.4.1.jar;D:\IDEA\repo\org\tukaani\xz\1.0\xz-1.0.jar;D:\IDEA\repo\org\apache\hadoop\hadoop-hdfs\2.7.7\hadoop-hdfs-2.7.7.jar;D:\IDEA\repo\commons-daemon\commons-daemon\1.0.13\commons-daemon-1.0.13.jar;D:\IDEA\repo\io\netty\netty\3.6.2.Final\netty-3.6.2.Final.jar;D:\IDEA\repo\io\netty\netty-all\4.0.23.Final\netty-all-4.0.23.Final.jar;D:\IDEA\repo\xerces\xercesImpl\2.9.1\xercesImpl-2.9.1.jar;D:\IDEA\repo\xml-apis\xml-apis\1.3.04\xml-apis-1.3.04.jar;D:\IDEA\repo\org\fusesource\leveldbjni\leveldbjni-all\1.8\leveldbjni-all-1.8.jar;D:\IDEA\repo\org\apache\hadoop\hadoop-client\2.7.7\hadoop-client-2.7.7.jar;D:\IDEA\repo\org\apache\hadoop\hadoop-mapreduce-client-app\2.7.7\hadoop-mapreduce-client-app-2.7.7.jar;D:\IDEA\repo\org\apache\hadoop\hadoop-mapreduce-client-common\2.7.7\hadoop-mapreduce-client-common-2.7.7.jar;D:\IDEA\repo\org\apache\hadoop\hadoop-yarn-client\2.7.7\hadoop-yarn-client-2.7.7.jar;D:\IDEA\repo\org\apache\hadoop\hadoop-yarn-server-common\2.7.7\hadoop-yarn-server-common-2.7.7.jar;D:\IDEA\repo\org\apache\hadoop\hadoop-mapreduce-client-shuffle\2.7.7\hadoop-mapreduce-client-shuffle-2.7.7.jar;D:\IDEA\repo\org\apache\hadoop\hadoop-yarn-api\2.7.7\hadoop-yarn-api-2.7.7.jar;D:\IDEA\repo\org\apache\hadoop\hadoop-mapreduce-client-core\2.7.7\hadoop-mapreduce-client-core-2.7.7.jar;D:\IDEA\repo\org\apache\hadoop\hadoop-yarn-common\2.7.7\hadoop-yarn-common-2.7.7.jar;D:\IDEA\repo\com\sun\jersey\jersey-client\1.9\jersey-client-1.9.jar;D:\IDEA\repo\org\apache\hadoop\hadoop-mapreduce-client-jobclient\2.7.7\hadoop-mapreduce-client-jobclient-2.7.7.jar;"/>
    <property name="java.vm.vendor" value="Oracle Corporation"/>
    <property name="sun.arch.data.model" value="64"/>
    <property name="user.variant" value=""/>
    <property name="java.vendor.url" value="http://java.oracle.com/"/>
    <property name="user.timezone" value="Asia/Shanghai"/>
    <property name="java.vm.specification.version" value="1.8"/>
    <property name="os.name" value="Windows 10"/>
    <property name="user.country" value="CN"/>
    <property name="sun.java.launcher" value="SUN_STANDARD"/>
    <property name="sun.boot.library.path" value="D:\java_env\jdk\jre\bin"/>
    <property name="sun.java.command" value="C:\Users\asus\AppData\Local\Temp\surefire1774523409833431999\surefirebooter4640554163662429708.jar C:\Users\asus\AppData\Local\Temp\surefire1774523409833431999 2019-10-28T08-15-33_554-jvmRun1 surefire7414262929477908150tmp surefire_08027917596911518166tmp"/>
    <property name="surefire.test.class.path" value="F:\javaEE\hadooptest\target\test-classes;F:\javaEE\hadooptest\target\classes;D:\IDEA\repo\junit\junit\4.11\junit-4.11.jar;D:\IDEA\repo\org\hamcrest\hamcrest-core\1.3\hamcrest-core-1.3.jar;D:\IDEA\repo\org\apache\hadoop\hadoop-common\2.7.7\hadoop-common-2.7.7.jar;D:\IDEA\repo\org\apache\hadoop\hadoop-annotations\2.7.7\hadoop-annotations-2.7.7.jar;D:\java_env\jdk\jre\..\lib\tools.jar;D:\IDEA\repo\com\google\guava\guava\11.0.2\guava-11.0.2.jar;D:\IDEA\repo\commons-cli\commons-cli\1.2\commons-cli-1.2.jar;D:\IDEA\repo\org\apache\commons\commons-math3\3.1.1\commons-math3-3.1.1.jar;D:\IDEA\repo\xmlenc\xmlenc\0.52\xmlenc-0.52.jar;D:\IDEA\repo\commons-httpclient\commons-httpclient\3.1\commons-httpclient-3.1.jar;D:\IDEA\repo\commons-codec\commons-codec\1.4\commons-codec-1.4.jar;D:\IDEA\repo\commons-io\commons-io\2.4\commons-io-2.4.jar;D:\IDEA\repo\commons-net\commons-net\3.1\commons-net-3.1.jar;D:\IDEA\repo\commons-collections\commons-collections\3.2.2\commons-collections-3.2.2.jar;D:\IDEA\repo\javax\servlet\servlet-api\2.5\servlet-api-2.5.jar;D:\IDEA\repo\org\mortbay\jetty\jetty\6.1.26\jetty-6.1.26.jar;D:\IDEA\repo\org\mortbay\jetty\jetty-util\6.1.26\jetty-util-6.1.26.jar;D:\IDEA\repo\org\mortbay\jetty\jetty-sslengine\6.1.26\jetty-sslengine-6.1.26.jar;D:\IDEA\repo\javax\servlet\jsp\jsp-api\2.1\jsp-api-2.1.jar;D:\IDEA\repo\com\sun\jersey\jersey-core\1.9\jersey-core-1.9.jar;D:\IDEA\repo\com\sun\jersey\jersey-json\1.9\jersey-json-1.9.jar;D:\IDEA\repo\org\codehaus\jettison\jettison\1.1\jettison-1.1.jar;D:\IDEA\repo\com\sun\xml\bind\jaxb-impl\2.2.3-1\jaxb-impl-2.2.3-1.jar;D:\IDEA\repo\javax\xml\bind\jaxb-api\2.2.2\jaxb-api-2.2.2.jar;D:\IDEA\repo\javax\xml\stream\stax-api\1.0-2\stax-api-1.0-2.jar;D:\IDEA\repo\javax\activation\activation\1.1\activation-1.1.jar;D:\IDEA\repo\org\codehaus\jackson\jackson-jaxrs\1.8.3\jackson-jaxrs-1.8.3.jar;D:\IDEA\repo\org\codehaus\jackson\jackson-xc\1.8.3\jackson-xc-1.8.3.jar;D:\IDEA\repo\com\sun\jersey\jersey-server\1.9\jersey-server-1.9.jar;D:\IDEA\repo\asm\asm\3.1\asm-3.1.jar;D:\IDEA\repo\commons-logging\commons-logging\1.1.3\commons-logging-1.1.3.jar;D:\IDEA\repo\log4j\log4j\1.2.17\log4j-1.2.17.jar;D:\IDEA\repo\net\java\dev\jets3t\jets3t\0.9.0\jets3t-0.9.0.jar;D:\IDEA\repo\org\apache\httpcomponents\httpclient\4.1.2\httpclient-4.1.2.jar;D:\IDEA\repo\org\apache\httpcomponents\httpcore\4.1.2\httpcore-4.1.2.jar;D:\IDEA\repo\com\jamesmurty\utils\java-xmlbuilder\0.4\java-xmlbuilder-0.4.jar;D:\IDEA\repo\commons-lang\commons-lang\2.6\commons-lang-2.6.jar;D:\IDEA\repo\commons-configuration\commons-configuration\1.6\commons-configuration-1.6.jar;D:\IDEA\repo\commons-digester\commons-digester\1.8\commons-digester-1.8.jar;D:\IDEA\repo\commons-beanutils\commons-beanutils\1.7.0\commons-beanutils-1.7.0.jar;D:\IDEA\repo\commons-beanutils\commons-beanutils-core\1.8.0\commons-beanutils-core-1.8.0.jar;D:\IDEA\repo\org\slf4j\slf4j-api\1.7.10\slf4j-api-1.7.10.jar;D:\IDEA\repo\org\slf4j\slf4j-log4j12\1.7.10\slf4j-log4j12-1.7.10.jar;D:\IDEA\repo\org\codehaus\jackson\jackson-core-asl\1.9.13\jackson-core-asl-1.9.13.jar;D:\IDEA\repo\org\codehaus\jackson\jackson-mapper-asl\1.9.13\jackson-mapper-asl-1.9.13.jar;D:\IDEA\repo\org\apache\avro\avro\1.7.4\avro-1.7.4.jar;D:\IDEA\repo\com\thoughtworks\paranamer\paranamer\2.3\paranamer-2.3.jar;D:\IDEA\repo\org\xerial\snappy\snappy-java\1.0.4.1\snappy-java-1.0.4.1.jar;D:\IDEA\repo\com\google\protobuf\protobuf-java\2.5.0\protobuf-java-2.5.0.jar;D:\IDEA\repo\com\google\code\gson\gson\2.2.4\gson-2.2.4.jar;D:\IDEA\repo\org\apache\hadoop\hadoop-auth\2.7.7\hadoop-auth-2.7.7.jar;D:\IDEA\repo\org\apache\directory\server\apacheds-kerberos-codec\2.0.0-M15\apacheds-kerberos-codec-2.0.0-M15.jar;D:\IDEA\repo\org\apache\directory\server\apacheds-i18n\2.0.0-M15\apacheds-i18n-2.0.0-M15.jar;D:\IDEA\repo\org\apache\directory\api\api-asn1-api\1.0.0-M20\api-asn1-api-1.0.0-M20.jar;D:\IDEA\repo\org\apache\directory\api\api-util\1.0.0-M20\api-util-1.0.0-M20.jar;D:\IDEA\repo\org\apache\curator\curator-framework\2.7.1\curator-framework-2.7.1.jar;D:\IDEA\repo\com\jcraft\jsch\0.1.54\jsch-0.1.54.jar;D:\IDEA\repo\org\apache\curator\curator-client\2.7.1\curator-client-2.7.1.jar;D:\IDEA\repo\org\apache\curator\curator-recipes\2.7.1\curator-recipes-2.7.1.jar;D:\IDEA\repo\com\google\code\findbugs\jsr305\3.0.0\jsr305-3.0.0.jar;D:\IDEA\repo\org\apache\htrace\htrace-core\3.1.0-incubating\htrace-core-3.1.0-incubating.jar;D:\IDEA\repo\org\apache\zookeeper\zookeeper\3.4.6\zookeeper-3.4.6.jar;D:\IDEA\repo\org\apache\commons\commons-compress\1.4.1\commons-compress-1.4.1.jar;D:\IDEA\repo\org\tukaani\xz\1.0\xz-1.0.jar;D:\IDEA\repo\org\apache\hadoop\hadoop-hdfs\2.7.7\hadoop-hdfs-2.7.7.jar;D:\IDEA\repo\commons-daemon\commons-daemon\1.0.13\commons-daemon-1.0.13.jar;D:\IDEA\repo\io\netty\netty\3.6.2.Final\netty-3.6.2.Final.jar;D:\IDEA\repo\io\netty\netty-all\4.0.23.Final\netty-all-4.0.23.Final.jar;D:\IDEA\repo\xerces\xercesImpl\2.9.1\xercesImpl-2.9.1.jar;D:\IDEA\repo\xml-apis\xml-apis\1.3.04\xml-apis-1.3.04.jar;D:\IDEA\repo\org\fusesource\leveldbjni\leveldbjni-all\1.8\leveldbjni-all-1.8.jar;D:\IDEA\repo\org\apache\hadoop\hadoop-client\2.7.7\hadoop-client-2.7.7.jar;D:\IDEA\repo\org\apache\hadoop\hadoop-mapreduce-client-app\2.7.7\hadoop-mapreduce-client-app-2.7.7.jar;D:\IDEA\repo\org\apache\hadoop\hadoop-mapreduce-client-common\2.7.7\hadoop-mapreduce-client-common-2.7.7.jar;D:\IDEA\repo\org\apache\hadoop\hadoop-yarn-client\2.7.7\hadoop-yarn-client-2.7.7.jar;D:\IDEA\repo\org\apache\hadoop\hadoop-yarn-server-common\2.7.7\hadoop-yarn-server-common-2.7.7.jar;D:\IDEA\repo\org\apache\hadoop\hadoop-mapreduce-client-shuffle\2.7.7\hadoop-mapreduce-client-shuffle-2.7.7.jar;D:\IDEA\repo\org\apache\hadoop\hadoop-yarn-api\2.7.7\hadoop-yarn-api-2.7.7.jar;D:\IDEA\repo\org\apache\hadoop\hadoop-mapreduce-client-core\2.7.7\hadoop-mapreduce-client-core-2.7.7.jar;D:\IDEA\repo\org\apache\hadoop\hadoop-yarn-common\2.7.7\hadoop-yarn-common-2.7.7.jar;D:\IDEA\repo\com\sun\jersey\jersey-client\1.9\jersey-client-1.9.jar;D:\IDEA\repo\org\apache\hadoop\hadoop-mapreduce-client-jobclient\2.7.7\hadoop-mapreduce-client-jobclient-2.7.7.jar;"/>
    <property name="sun.cpu.endian" value="little"/>
    <property name="user.home" value="C:\Users\asus"/>
    <property name="user.language" value="zh"/>
    <property name="java.specification.vendor" value="Oracle Corporation"/>
    <property name="java.home" value="D:\java_env\jdk\jre"/>
    <property name="basedir" value="F:\javaEE\hadooptest"/>
    <property name="file.separator" value="\"/>
    <property name="line.separator" value="&#10;"/>
    <property name="java.vm.specification.vendor" value="Oracle Corporation"/>
    <property name="java.specification.name" value="Java Platform API Specification"/>
    <property name="java.awt.graphicsenv" value="sun.awt.Win32GraphicsEnvironment"/>
    <property name="surefire.real.class.path" value="C:\Users\asus\AppData\Local\Temp\surefire1774523409833431999\surefirebooter4640554163662429708.jar"/>
    <property name="sun.boot.class.path" value="D:\java_env\jdk\jre\lib\resources.jar;D:\java_env\jdk\jre\lib\rt.jar;D:\java_env\jdk\jre\lib\sunrsasign.jar;D:\java_env\jdk\jre\lib\jsse.jar;D:\java_env\jdk\jre\lib\jce.jar;D:\java_env\jdk\jre\lib\charsets.jar;D:\java_env\jdk\jre\lib\jfr.jar;D:\java_env\jdk\jre\classes"/>
    <property name="user.script" value=""/>
    <property name="sun.management.compiler" value="HotSpot 64-Bit Tiered Compilers"/>
    <property name="java.runtime.version" value="1.8.0_221-b11"/>
    <property name="user.name" value="asus"/>
    <property name="path.separator" value=";"/>
    <property name="os.version" value="10.0"/>
    <property name="java.endorsed.dirs" value="D:\java_env\jdk\jre\lib\endorsed"/>
    <property name="java.runtime.name" value="Java(TM) SE Runtime Environment"/>
    <property name="file.encoding" value="GBK"/>
    <property name="java.vm.name" value="Java HotSpot(TM) 64-Bit Server VM"/>
    <property name="localRepository" value="D:\IDEA\repo"/>
    <property name="java.vendor.url.bug" value="http://bugreport.sun.com/bugreport/"/>
    <property name="java.io.tmpdir" value="C:\Users\asus\AppData\Local\Temp\"/>
    <property name="java.version" value="1.8.0_221"/>
    <property name="user.dir" value="F:\javaEE\hadooptest"/>
    <property name="os.arch" value="amd64"/>
    <property name="java.vm.specification.name" value="Java Virtual Machine Specification"/>
    <property name="java.awt.printerjob" value="sun.awt.windows.WPrinterJob"/>
    <property name="sun.os.patch.level" value=""/>
    <property name="java.library.path" value="D:\java_env\jdk\jre\bin;C:\WINDOWS\Sun\Java\bin;C:\WINDOWS\system32;C:\WINDOWS;D:\IDEA\apache-maven-3.6.2\bin;D:\java_env\jdk\bin;%CATALINA_HOME%\bin;D:\java_env\jre\bin;D:\MySQL\mysql-8.0.12-winx64\bin;C:\Windows\System32;C:\Program Files (x86)\Microsoft Visual Studio\Common\Tools\WinNT;C:\Program Files (x86)\Microsoft Visual Studio\Common\MSDev98\Bin;C:\Program Files (x86)\Microsoft Visual Studio\Common\Tools;C:\Program Files (x86)\Microsoft Visual Studio\VC98\bin;C:\Users\asus\AppData\Local\Programs\Python\Python37\Scripts\;C:\Users\asus\AppData\Local\Programs\Python\Python37\;C:\Users\asus\AppData\Local\Microsoft\WindowsApps;;."/>
    <property name="java.vm.info" value="mixed mode"/>
    <property name="java.vendor" value="Oracle Corporation"/>
    <property name="java.vm.version" value="25.221-b11"/>
    <property name="java.ext.dirs" value="D:\java_env\jdk\jre\lib\ext;C:\WINDOWS\Sun\Java\lib\ext"/>
    <property name="sun.io.unicode.encoding" value="UnicodeLittle"/>
    <property name="java.class.version" value="52.0"/>
  </properties>
  <testcase name="shouldAnswerWithTrue" classname="com.hadooptest5_2.AppTest" time="0.002"/>
</testsuite>